# JRE version: Java(TM) SE Runtime Environment (8.0_72-b15) (build 1.8.0_72-b15)
# Java VM: Java HotSpot(TM) 64-Bit Server VM (25.72-b15 mixed mode linux-amd64 compressed oops)
Heap:
 PSYoungGen      total 100864K, used 54168K [0x00000000e1f00000, 0x00000000e9200000, 0x0000000100000000)
  eden space 89088K, 47% used [0x00000000e1f00000,0x00000000e4888a78,0x00000000e7600000)
  from space 11776K, 98% used [0x00000000e8500000,0x00000000e905d680,0x00000000e9080000)
  to   space 14336K, 0% used [0x00000000e7600000,0x00000000e7600000,0x00000000e8400000)
 ParOldGen       total 62976K, used 14174K [0x00000000a5c00000, 0x00000000a9980000, 0x00000000e1f00000)
  object space 62976K, 22% used [0x00000000a5c00000,0x00000000a69d7880,0x00000000a9980000)
 Metaspace       used 19881K, capacity 20125K, committed 20480K, reserved 1067008K
  class space    used 1854K, capacity 1924K, committed 2048K, reserved 1048576K
GC Heap History (10 events):
Event: 1.492 GC heap before
{Heap before GC invocations=2 (full 0):
 PSYoungGen      total 27648K, used 27629K [0x00000000e1f00000, 0x00000000e5500000, 0x0000000100000000)
  eden space 24064K, 100% used [0x00000000e1f00000,0x00000000e3680000,0x00000000e3680000)
  from space 3584K, 99% used [0x00000000e3680000,0x00000000e39fb488,0x00000000e3a00000)
  to   space 3584K, 0% used [0x00000000e5180000,0x00000000e5180000,0x00000000e5500000)
 ParOldGen       total 62976K, used 536K [0x00000000a5c00000, 0x00000000a9980000, 0x00000000e1f00000)
  object space 62976K, 0% used [0x00000000a5c00000,0x00000000a5c860c8,0x00000000a9980000)
 Metaspace       used 18430K, capacity 18565K, committed 18816K, reserved 1067008K
  class space    used 1800K, capacity 1856K, committed 1920K, reserved 1048576K
Event: 1.510 GC heap after
Heap after GC invocations=2 (full 0):
 PSYoungGen      total 51712K, used 3571K [0x00000000e1f00000, 0x00000000e5500000, 0x0000000100000000)
  eden space 48128K, 0% used [0x00000000e1f00000,0x00000000e1f00000,0x00000000e4e00000)
  from space 3584K, 99% used [0x00000000e5180000,0x00000000e54fcc70,0x00000000e5500000)
  to   space 3584K, 0% used [0x00000000e4e00000,0x00000000e4e00000,0x00000000e5180000)
 ParOldGen       total 62976K, used 8237K [0x00000000a5c00000, 0x00000000a9980000, 0x00000000e1f00000)
  object space 62976K, 13% used [0x00000000a5c00000,0x00000000a640b6f0,0x00000000a9980000)
 Metaspace       used 18430K, capacity 18565K, committed 18816K, reserved 1067008K
  class space    used 1800K, capacity 1856K, committed 1920K, reserved 1048576K
}
Event: 7.503 GC heap before
{Heap before GC invocations=3 (full 0):
 PSYoungGen      total 51712K, used 51699K [0x00000000e1f00000, 0x00000000e5500000, 0x0000000100000000)
  eden space 48128K, 100% used [0x00000000e1f00000,0x00000000e4e00000,0x00000000e4e00000)
  from space 3584K, 99% used [0x00000000e5180000,0x00000000e54fcc70,0x00000000e5500000)
  to   space 3584K, 0% used [0x00000000e4e00000,0x00000000e4e00000,0x00000000e5180000)
 ParOldGen       total 62976K, used 8237K [0x00000000a5c00000, 0x00000000a9980000, 0x00000000e1f00000)
  object space 62976K, 13% used [0x00000000a5c00000,0x00000000a640b6f0,0x00000000a9980000)
 Metaspace       used 19520K, capacity 19741K, committed 20224K, reserved 1067008K
  class space    used 1851K, capacity 1924K, committed 2048K, reserved 1048576K
Event: 7.516 GC heap after
Heap after GC invocations=3 (full 0):
 PSYoungGen      total 51712K, used 3557K [0x00000000e1f00000, 0x00000000e8400000, 0x0000000100000000)
  eden space 48128K, 0% used [0x00000000e1f00000,0x00000000e1f00000,0x00000000e4e00000)
  from space 3584K, 99% used [0x00000000e4e00000,0x00000000e5179480,0x00000000e5180000)
  to   space 3584K, 0% used [0x00000000e8080000,0x00000000e8080000,0x00000000e8400000)
 ParOldGen       total 62976K, used 12110K [0x00000000a5c00000, 0x00000000a9980000, 0x00000000e1f00000)
  object space 62976K, 19% used [0x00000000a5c00000,0x00000000a67d3800,0x00000000a9980000)
 Metaspace       used 19520K, capacity 19741K, committed 20224K, reserved 1067008K
  class space    used 1851K, capacity 1924K, committed 2048K, reserved 1048576K
}
Event: 21.453 GC heap before
{Heap before GC invocations=4 (full 0):
 PSYoungGen      total 51712K, used 51685K [0x00000000e1f00000, 0x00000000e8400000, 0x0000000100000000)
  eden space 48128K, 100% used [0x00000000e1f00000,0x00000000e4e00000,0x00000000e4e00000)
  from space 3584K, 99% used [0x00000000e4e00000,0x00000000e5179480,0x00000000e5180000)
  to   space 3584K, 0% used [0x00000000e8080000,0x00000000e8080000,0x00000000e8400000)
 ParOldGen       total 62976K, used 12110K [0x00000000a5c00000, 0x00000000a9980000, 0x00000000e1f00000)
  object space 62976K, 19% used [0x00000000a5c00000,0x00000000a67d3800,0x00000000a9980000)
 Metaspace       used 19613K, capacity 19805K, committed 20224K, reserved 1067008K
  class space    used 1851K, capacity 1924K, committed 2048K, reserved 1048576K
Event: 21.465 GC heap after
Heap after GC invocations=4 (full 0):
 PSYoungGen      total 99840K, used 3477K [0x00000000e1f00000, 0x00000000e8400000, 0x0000000100000000)
  eden space 96256K, 0% used [0x00000000e1f00000,0x00000000e1f00000,0x00000000e7d00000)
  from space 3584K, 97% used [0x00000000e8080000,0x00000000e83e5470,0x00000000e8400000)
  to   space 3584K, 0% used [0x00000000e7d00000,0x00000000e7d00000,0x00000000e8080000)
 ParOldGen       total 62976K, used 12110K [0x00000000a5c00000, 0x00000000a9980000, 0x00000000e1f00000)
  object space 62976K, 19% used [0x00000000a5c00000,0x00000000a67d3800,0x00000000a9980000)
 Metaspace       used 19613K, capacity 19805K, committed 20224K, reserved 1067008K
  class space    used 1851K, capacity 1924K, committed 2048K, reserved 1048576K
}
Event: 49.722 GC heap before
{Heap before GC invocations=5 (full 0):
 PSYoungGen      total 99840K, used 99733K [0x00000000e1f00000, 0x00000000e8400000, 0x0000000100000000)
  eden space 96256K, 100% used [0x00000000e1f00000,0x00000000e7d00000,0x00000000e7d00000)
  from space 3584K, 97% used [0x00000000e8080000,0x00000000e83e5470,0x00000000e8400000)
  to   space 3584K, 0% used [0x00000000e7d00000,0x00000000e7d00000,0x00000000e8080000)
 ParOldGen       total 62976K, used 12110K [0x00000000a5c00000, 0x00000000a9980000, 0x00000000e1f00000)
  object space 62976K, 19% used [0x00000000a5c00000,0x00000000a67d3800,0x00000000a9980000)
 Metaspace       used 19613K, capacity 19805K, committed 20224K, reserved 1067008K
  class space    used 1851K, capacity 1924K, committed 2048K, reserved 1048576K
Event: 49.732 GC heap after
Heap after GC invocations=5 (full 0):
 PSYoungGen      total 96256K, used 3507K [0x00000000e1f00000, 0x00000000e9080000, 0x0000000100000000)
  eden space 92672K, 0% used [0x00000000e1f00000,0x00000000e1f00000,0x00000000e7980000)
  from space 3584K, 97% used [0x00000000e7d00000,0x00000000e806cc40,0x00000000e8080000)
  to   space 11776K, 0% used [0x00000000e8500000,0x00000000e8500000,0x00000000e9080000)
 ParOldGen       total 62976K, used 12118K [0x00000000a5c00000, 0x00000000a9980000, 0x00000000e1f00000)
  object space 62976K, 19% used [0x00000000a5c00000,0x00000000a67d5800,0x00000000a9980000)
 Metaspace       used 19613K, capacity 19805K, committed 20224K, reserved 1067008K
  class space    used 1851K, capacity 1924K, committed 2048K, reserved 1048576K
}
Event: 55.822 GC heap before
{Heap before GC invocations=6 (full 0):
 PSYoungGen      total 96256K, used 96179K [0x00000000e1f00000, 0x00000000e9080000, 0x0000000100000000)
  eden space 92672K, 100% used [0x00000000e1f00000,0x00000000e7980000,0x00000000e7980000)
  from space 3584K, 97% used [0x00000000e7d00000,0x00000000e806cc40,0x00000000e8080000)
  to   space 11776K, 0% used [0x00000000e8500000,0x00000000e8500000,0x00000000e9080000)
 ParOldGen       total 62976K, used 12118K [0x00000000a5c00000, 0x00000000a9980000, 0x00000000e1f00000)
  object space 62976K, 19% used [0x00000000a5c00000,0x00000000a67d5800,0x00000000a9980000)
 Metaspace       used 19789K, capacity 19997K, committed 20480K, reserved 1067008K
  class space    used 1853K, capacity 1924K, committed 2048K, reserved 1048576K
Event: 55.869 GC heap after
Heap after GC invocations=6 (full 0):
 PSYoungGen      total 100864K, used 11637K [0x00000000e1f00000, 0x00000000e9200000, 0x0000000100000000)
  eden space 89088K, 0% used [0x00000000e1f00000,0x00000000e1f00000,0x00000000e7600000)
  from space 11776K, 98% used [0x00000000e8500000,0x00000000e905d680,0x00000000e9080000)
  to   space 14336K, 0% used [0x00000000e7600000,0x00000000e7600000,0x00000000e8400000)
 ParOldGen       total 62976K, used 14174K [0x00000000a5c00000, 0x00000000a9980000, 0x00000000e1f00000)
  object space 62976K, 22% used [0x00000000a5c00000,0x00000000a69d7880,0x00000000a9980000)
 Metaspace       used 19789K, capacity 19997K, committed 20480K, reserved 1067008K
  class space    used 1853K, capacity 1924K, committed 2048K, reserved 1048576K
}

