# JRE version: Java(TM) SE Runtime Environment (8.0_72-b15) (build 1.8.0_72-b15)
# Java VM: Java HotSpot(TM) 64-Bit Server VM (25.72-b15 mixed mode linux-amd64 compressed oops)
Heap:
 PSYoungGen      total 110592K, used 47030K [0x00000000e1f00000, 0x00000000eee80000, 0x0000000100000000)
  eden space 89088K, 28% used [0x00000000e1f00000,0x00000000e382d560,0x00000000e7600000)
  from space 21504K, 98% used [0x00000000ed480000,0x00000000ee940540,0x00000000ee980000)
  to   space 5120K, 0% used [0x00000000ee980000,0x00000000ee980000,0x00000000eee80000)
 ParOldGen       total 62976K, used 37226K [0x00000000a5c00000, 0x00000000a9980000, 0x00000000e1f00000)
  object space 62976K, 59% used [0x00000000a5c00000,0x00000000a805a990,0x00000000a9980000)
 Metaspace       used 20055K, capacity 20253K, committed 20736K, reserved 1069056K
  class space    used 1854K, capacity 1924K, committed 2048K, reserved 1048576K
GC Heap History (10 events):
Event: 4.544 GC heap before
{Heap before GC invocations=3 (full 0):
 PSYoungGen      total 51712K, used 51521K [0x00000000e1f00000, 0x00000000e5500000, 0x0000000100000000)
  eden space 48128K, 99% used [0x00000000e1f00000,0x00000000e4dd2f98,0x00000000e4e00000)
  from space 3584K, 99% used [0x00000000e5180000,0x00000000e54fd470,0x00000000e5500000)
  to   space 3584K, 0% used [0x00000000e4e00000,0x00000000e4e00000,0x00000000e5180000)
 ParOldGen       total 62976K, used 8181K [0x00000000a5c00000, 0x00000000a9980000, 0x00000000e1f00000)
  object space 62976K, 12% used [0x00000000a5c00000,0x00000000a63fd588,0x00000000a9980000)
 Metaspace       used 19382K, capacity 19609K, committed 19968K, reserved 1067008K
  class space    used 1853K, capacity 1924K, committed 2048K, reserved 1048576K
Event: 4.556 GC heap after
Heap after GC invocations=3 (full 0):
 PSYoungGen      total 51712K, used 3570K [0x00000000e1f00000, 0x00000000e8400000, 0x0000000100000000)
  eden space 48128K, 0% used [0x00000000e1f00000,0x00000000e1f00000,0x00000000e4e00000)
  from space 3584K, 99% used [0x00000000e4e00000,0x00000000e517c8f0,0x00000000e5180000)
  to   space 3584K, 0% used [0x00000000e8080000,0x00000000e8080000,0x00000000e8400000)
 ParOldGen       total 62976K, used 14992K [0x00000000a5c00000, 0x00000000a9980000, 0x00000000e1f00000)
  object space 62976K, 23% used [0x00000000a5c00000,0x00000000a6aa43f0,0x00000000a9980000)
 Metaspace       used 19382K, capacity 19609K, committed 19968K, reserved 1067008K
  class space    used 1853K, capacity 1924K, committed 2048K, reserved 1048576K
}
Event: 6.569 GC heap before
{Heap before GC invocations=4 (full 0):
 PSYoungGen      total 51712K, used 51692K [0x00000000e1f00000, 0x00000000e8400000, 0x0000000100000000)
  eden space 48128K, 99% used [0x00000000e1f00000,0x00000000e4dfe720,0x00000000e4e00000)
  from space 3584K, 99% used [0x00000000e4e00000,0x00000000e517c8f0,0x00000000e5180000)
  to   space 3584K, 0% used [0x00000000e8080000,0x00000000e8080000,0x00000000e8400000)
 ParOldGen       total 62976K, used 14992K [0x00000000a5c00000, 0x00000000a9980000, 0x00000000e1f00000)
  object space 62976K, 23% used [0x00000000a5c00000,0x00000000a6aa43f0,0x00000000a9980000)
 Metaspace       used 19592K, capacity 19801K, committed 20224K, reserved 1067008K
  class space    used 1853K, capacity 1924K, committed 2048K, reserved 1048576K
Event: 6.584 GC heap after
Heap after GC invocations=4 (full 0):
 PSYoungGen      total 99840K, used 3570K [0x00000000e1f00000, 0x00000000e8400000, 0x0000000100000000)
  eden space 96256K, 0% used [0x00000000e1f00000,0x00000000e1f00000,0x00000000e7d00000)
  from space 3584K, 99% used [0x00000000e8080000,0x00000000e83fc8f0,0x00000000e8400000)
  to   space 3584K, 0% used [0x00000000e7d00000,0x00000000e7d00000,0x00000000e8080000)
 ParOldGen       total 62976K, used 22378K [0x00000000a5c00000, 0x00000000a9980000, 0x00000000e1f00000)
  object space 62976K, 35% used [0x00000000a5c00000,0x00000000a71da9a0,0x00000000a9980000)
 Metaspace       used 19592K, capacity 19801K, committed 20224K, reserved 1067008K
  class space    used 1853K, capacity 1924K, committed 2048K, reserved 1048576K
}
Event: 10.159 GC heap before
{Heap before GC invocations=5 (full 0):
 PSYoungGen      total 99840K, used 99602K [0x00000000e1f00000, 0x00000000e8400000, 0x0000000100000000)
  eden space 96256K, 99% used [0x00000000e1f00000,0x00000000e7cc8098,0x00000000e7d00000)
  from space 3584K, 99% used [0x00000000e8080000,0x00000000e83fc8f0,0x00000000e8400000)
  to   space 3584K, 0% used [0x00000000e7d00000,0x00000000e7d00000,0x00000000e8080000)
 ParOldGen       total 62976K, used 22378K [0x00000000a5c00000, 0x00000000a9980000, 0x00000000e1f00000)
  object space 62976K, 35% used [0x00000000a5c00000,0x00000000a71da9a0,0x00000000a9980000)
 Metaspace       used 19910K, capacity 20125K, committed 20480K, reserved 1067008K
  class space    used 1853K, capacity 1924K, committed 2048K, reserved 1048576K
Event: 10.198 GC heap after
Heap after GC invocations=5 (full 0):
 PSYoungGen      total 99840K, used 3552K [0x00000000e1f00000, 0x00000000f0100000, 0x0000000100000000)
  eden space 96256K, 0% used [0x00000000e1f00000,0x00000000e1f00000,0x00000000e7d00000)
  from space 3584K, 99% used [0x00000000e7d00000,0x00000000e80780a0,0x00000000e8080000)
  to   space 19456K, 0% used [0x00000000eee00000,0x00000000eee00000,0x00000000f0100000)
 ParOldGen       total 62976K, used 36271K [0x00000000a5c00000, 0x00000000a9980000, 0x00000000e1f00000)
  object space 62976K, 57% used [0x00000000a5c00000,0x00000000a7f6bf10,0x00000000a9980000)
 Metaspace       used 19910K, capacity 20125K, committed 20480K, reserved 1067008K
  class space    used 1853K, capacity 1924K, committed 2048K, reserved 1048576K
}
Event: 15.691 GC heap before
{Heap before GC invocations=6 (full 0):
 PSYoungGen      total 99840K, used 99808K [0x00000000e1f00000, 0x00000000f0100000, 0x0000000100000000)
  eden space 96256K, 100% used [0x00000000e1f00000,0x00000000e7d00000,0x00000000e7d00000)
  from space 3584K, 99% used [0x00000000e7d00000,0x00000000e80780a0,0x00000000e8080000)
  to   space 19456K, 0% used [0x00000000eee00000,0x00000000eee00000,0x00000000f0100000)
 ParOldGen       total 62976K, used 36271K [0x00000000a5c00000, 0x00000000a9980000, 0x00000000e1f00000)
  object space 62976K, 57% used [0x00000000a5c00000,0x00000000a7f6bf10,0x00000000a9980000)
 Metaspace       used 20046K, capacity 20253K, committed 20736K, reserved 1069056K
  class space    used 1853K, capacity 1924K, committed 2048K, reserved 1048576K
Event: 15.717 GC heap after
Heap after GC invocations=6 (full 0):
 PSYoungGen      total 110592K, used 17745K [0x00000000e1f00000, 0x00000000eff80000, 0x0000000100000000)
  eden space 92672K, 0% used [0x00000000e1f00000,0x00000000e1f00000,0x00000000e7980000)
  from space 17920K, 99% used [0x00000000eee00000,0x00000000eff54440,0x00000000eff80000)
  to   space 22016K, 0% used [0x00000000ed480000,0x00000000ed480000,0x00000000eea00000)
 ParOldGen       total 62976K, used 36279K [0x00000000a5c00000, 0x00000000a9980000, 0x00000000e1f00000)
  object space 62976K, 57% used [0x00000000a5c00000,0x00000000a7f6df10,0x00000000a9980000)
 Metaspace       used 20046K, capacity 20253K, committed 20736K, reserved 1069056K
  class space    used 1853K, capacity 1924K, committed 2048K, reserved 1048576K
}
Event: 32.528 GC heap before
{Heap before GC invocations=7 (full 0):
 PSYoungGen      total 110592K, used 110417K [0x00000000e1f00000, 0x00000000eff80000, 0x0000000100000000)
  eden space 92672K, 100% used [0x00000000e1f00000,0x00000000e7980000,0x00000000e7980000)
  from space 17920K, 99% used [0x00000000eee00000,0x00000000eff54440,0x00000000eff80000)
  to   space 22016K, 0% used [0x00000000ed480000,0x00000000ed480000,0x00000000eea00000)
 ParOldGen       total 62976K, used 36279K [0x00000000a5c00000, 0x00000000a9980000, 0x00000000e1f00000)
  object space 62976K, 57% used [0x00000000a5c00000,0x00000000a7f6df10,0x00000000a9980000)
 Metaspace       used 20048K, capacity 20253K, committed 20736K, reserved 1069056K
  class space    used 1853K, capacity 1924K, committed 2048K, reserved 1048576K
Event: 32.584 GC heap after
Heap after GC invocations=7 (full 0):
 PSYoungGen      total 110592K, used 21249K [0x00000000e1f00000, 0x00000000eee80000, 0x0000000100000000)
  eden space 89088K, 0% used [0x00000000e1f00000,0x00000000e1f00000,0x00000000e7600000)
  from space 21504K, 98% used [0x00000000ed480000,0x00000000ee940540,0x00000000ee980000)
  to   space 5120K, 0% used [0x00000000ee980000,0x00000000ee980000,0x00000000eee80000)
 ParOldGen       total 62976K, used 37226K [0x00000000a5c00000, 0x00000000a9980000, 0x00000000e1f00000)
  object space 62976K, 59% used [0x00000000a5c00000,0x00000000a805a990,0x00000000a9980000)
 Metaspace       used 20048K, capacity 20253K, committed 20736K, reserved 1069056K
  class space    used 1853K, capacity 1924K, committed 2048K, reserved 1048576K
}

