# JRE version: Java(TM) SE Runtime Environment (8.0_72-b15) (build 1.8.0_72-b15)
# Java VM: Java HotSpot(TM) 64-Bit Server VM (25.72-b15 mixed mode linux-amd64 compressed oops)
Heap:
 PSYoungGen      total 35840K, used 18700K [0x00000000e1f00000, 0x00000000e4c80000, 0x0000000100000000)
  eden space 26112K, 49% used [0x00000000e1f00000,0x00000000e2b81c48,0x00000000e3880000)
  from space 9728K, 60% used [0x00000000e3900000,0x00000000e3ec13d8,0x00000000e4280000)
  to   space 10240K, 0% used [0x00000000e4280000,0x00000000e4280000,0x00000000e4c80000)
 ParOldGen       total 62976K, used 35595K [0x00000000a5c00000, 0x00000000a9980000, 0x00000000e1f00000)
  object space 62976K, 56% used [0x00000000a5c00000,0x00000000a7ec2eb0,0x00000000a9980000)
 Metaspace       used 19986K, capacity 20193K, committed 20480K, reserved 1067008K
  class space    used 1859K, capacity 1924K, committed 2048K, reserved 1048576K
GC Heap History (10 events):
Event: 268.675 GC heap before
{Heap before GC invocations=27 (full 0):
 PSYoungGen      total 34816K, used 32624K [0x00000000e1f00000, 0x00000000e4780000, 0x0000000100000000)
  eden space 29184K, 100% used [0x00000000e1f00000,0x00000000e3b80000,0x00000000e3b80000)
  from space 5632K, 61% used [0x00000000e4180000,0x00000000e44dc100,0x00000000e4700000)
  to   space 6144K, 0% used [0x00000000e3b80000,0x00000000e3b80000,0x00000000e4180000)
 ParOldGen       total 62976K, used 15834K [0x00000000a5c00000, 0x00000000a9980000, 0x00000000e1f00000)
  object space 62976K, 25% used [0x00000000a5c00000,0x00000000a6b76930,0x00000000a9980000)
 Metaspace       used 19737K, capacity 19937K, committed 20224K, reserved 1067008K
  class space    used 1858K, capacity 1924K, committed 2048K, reserved 1048576K
Event: 268.687 GC heap after
Heap after GC invocations=27 (full 0):
 PSYoungGen      total 34816K, used 5376K [0x00000000e1f00000, 0x00000000e4a00000, 0x0000000100000000)
  eden space 28672K, 0% used [0x00000000e1f00000,0x00000000e1f00000,0x00000000e3b00000)
  from space 6144K, 87% used [0x00000000e3b80000,0x00000000e40c0140,0x00000000e4180000)
  to   space 7680K, 0% used [0x00000000e4280000,0x00000000e4280000,0x00000000e4a00000)
 ParOldGen       total 62976K, used 18042K [0x00000000a5c00000, 0x00000000a9980000, 0x00000000e1f00000)
  object space 62976K, 28% used [0x00000000a5c00000,0x00000000a6d9ea70,0x00000000a9980000)
 Metaspace       used 19737K, capacity 19937K, committed 20224K, reserved 1067008K
  class space    used 1858K, capacity 1924K, committed 2048K, reserved 1048576K
}
Event: 269.745 GC heap before
{Heap before GC invocations=28 (full 0):
 PSYoungGen      total 34816K, used 34048K [0x00000000e1f00000, 0x00000000e4a00000, 0x0000000100000000)
  eden space 28672K, 100% used [0x00000000e1f00000,0x00000000e3b00000,0x00000000e3b00000)
  from space 6144K, 87% used [0x00000000e3b80000,0x00000000e40c0140,0x00000000e4180000)
  to   space 7680K, 0% used [0x00000000e4280000,0x00000000e4280000,0x00000000e4a00000)
 ParOldGen       total 62976K, used 18042K [0x00000000a5c00000, 0x00000000a9980000, 0x00000000e1f00000)
  object space 62976K, 28% used [0x00000000a5c00000,0x00000000a6d9ea70,0x00000000a9980000)
 Metaspace       used 19829K, capacity 20001K, committed 20480K, reserved 1067008K
  class space    used 1858K, capacity 1924K, committed 2048K, reserved 1048576K
Event: 269.755 GC heap after
Heap after GC invocations=28 (full 0):
 PSYoungGen      total 35328K, used 6160K [0x00000000e1f00000, 0x00000000e4b80000, 0x0000000100000000)
  eden space 27648K, 0% used [0x00000000e1f00000,0x00000000e1f00000,0x00000000e3a00000)
  from space 7680K, 80% used [0x00000000e4280000,0x00000000e4884190,0x00000000e4a00000)
  to   space 8704K, 0% used [0x00000000e3a00000,0x00000000e3a00000,0x00000000e4280000)
 ParOldGen       total 62976K, used 22162K [0x00000000a5c00000, 0x00000000a9980000, 0x00000000e1f00000)
  object space 62976K, 35% used [0x00000000a5c00000,0x00000000a71a4b70,0x00000000a9980000)
 Metaspace       used 19829K, capacity 20001K, committed 20480K, reserved 1067008K
  class space    used 1858K, capacity 1924K, committed 2048K, reserved 1048576K
}
Event: 270.834 GC heap before
{Heap before GC invocations=29 (full 0):
 PSYoungGen      total 35328K, used 33808K [0x00000000e1f00000, 0x00000000e4b80000, 0x0000000100000000)
  eden space 27648K, 100% used [0x00000000e1f00000,0x00000000e3a00000,0x00000000e3a00000)
  from space 7680K, 80% used [0x00000000e4280000,0x00000000e4884190,0x00000000e4a00000)
  to   space 8704K, 0% used [0x00000000e3a00000,0x00000000e3a00000,0x00000000e4280000)
 ParOldGen       total 62976K, used 22162K [0x00000000a5c00000, 0x00000000a9980000, 0x00000000e1f00000)
  object space 62976K, 35% used [0x00000000a5c00000,0x00000000a71a4b70,0x00000000a9980000)
 Metaspace       used 19868K, capacity 20065K, committed 20480K, reserved 1067008K
  class space    used 1858K, capacity 1924K, committed 2048K, reserved 1048576K
Event: 270.858 GC heap after
Heap after GC invocations=29 (full 0):
 PSYoungGen      total 35840K, used 5312K [0x00000000e1f00000, 0x00000000e4b80000, 0x0000000100000000)
  eden space 27136K, 0% used [0x00000000e1f00000,0x00000000e1f00000,0x00000000e3980000)
  from space 8704K, 61% used [0x00000000e3a00000,0x00000000e3f30140,0x00000000e4280000)
  to   space 9216K, 0% used [0x00000000e4280000,0x00000000e4280000,0x00000000e4b80000)
 ParOldGen       total 62976K, used 27083K [0x00000000a5c00000, 0x00000000a9980000, 0x00000000e1f00000)
  object space 62976K, 43% used [0x00000000a5c00000,0x00000000a7672ca0,0x00000000a9980000)
 Metaspace       used 19868K, capacity 20065K, committed 20480K, reserved 1067008K
  class space    used 1858K, capacity 1924K, committed 2048K, reserved 1048576K
}
Event: 271.988 GC heap before
{Heap before GC invocations=30 (full 0):
 PSYoungGen      total 35840K, used 32448K [0x00000000e1f00000, 0x00000000e4b80000, 0x0000000100000000)
  eden space 27136K, 100% used [0x00000000e1f00000,0x00000000e3980000,0x00000000e3980000)
  from space 8704K, 61% used [0x00000000e3a00000,0x00000000e3f30140,0x00000000e4280000)
  to   space 9216K, 0% used [0x00000000e4280000,0x00000000e4280000,0x00000000e4b80000)
 ParOldGen       total 62976K, used 27083K [0x00000000a5c00000, 0x00000000a9980000, 0x00000000e1f00000)
  object space 62976K, 43% used [0x00000000a5c00000,0x00000000a7672ca0,0x00000000a9980000)
 Metaspace       used 19934K, capacity 20193K, committed 20480K, reserved 1067008K
  class space    used 1858K, capacity 1924K, committed 2048K, reserved 1048576K
Event: 271.996 GC heap after
Heap after GC invocations=30 (full 0):
 PSYoungGen      total 35840K, used 5536K [0x00000000e1f00000, 0x00000000e4c00000, 0x0000000100000000)
  eden space 26624K, 0% used [0x00000000e1f00000,0x00000000e1f00000,0x00000000e3900000)
  from space 9216K, 60% used [0x00000000e4280000,0x00000000e47e8150,0x00000000e4b80000)
  to   space 9728K, 0% used [0x00000000e3900000,0x00000000e3900000,0x00000000e4280000)
 ParOldGen       total 62976K, used 31211K [0x00000000a5c00000, 0x00000000a9980000, 0x00000000e1f00000)
  object space 62976K, 49% used [0x00000000a5c00000,0x00000000a7a7ada0,0x00000000a9980000)
 Metaspace       used 19934K, capacity 20193K, committed 20480K, reserved 1067008K
  class space    used 1858K, capacity 1924K, committed 2048K, reserved 1048576K
}
Event: 272.950 GC heap before
{Heap before GC invocations=31 (full 0):
 PSYoungGen      total 35840K, used 32002K [0x00000000e1f00000, 0x00000000e4c00000, 0x0000000100000000)
  eden space 26624K, 99% used [0x00000000e1f00000,0x00000000e38d89f8,0x00000000e3900000)
  from space 9216K, 60% used [0x00000000e4280000,0x00000000e47e8150,0x00000000e4b80000)
  to   space 9728K, 0% used [0x00000000e3900000,0x00000000e3900000,0x00000000e4280000)
 ParOldGen       total 62976K, used 31211K [0x00000000a5c00000, 0x00000000a9980000, 0x00000000e1f00000)
  object space 62976K, 49% used [0x00000000a5c00000,0x00000000a7a7ada0,0x00000000a9980000)
 Metaspace       used 19962K, capacity 20193K, committed 20480K, reserved 1067008K
  class space    used 1858K, capacity 1924K, committed 2048K, reserved 1048576K
Event: 272.958 GC heap after
Heap after GC invocations=31 (full 0):
 PSYoungGen      total 35840K, used 5892K [0x00000000e1f00000, 0x00000000e4c80000, 0x0000000100000000)
  eden space 26112K, 0% used [0x00000000e1f00000,0x00000000e1f00000,0x00000000e3880000)
  from space 9728K, 60% used [0x00000000e3900000,0x00000000e3ec13d8,0x00000000e4280000)
  to   space 10240K, 0% used [0x00000000e4280000,0x00000000e4280000,0x00000000e4c80000)
 ParOldGen       total 62976K, used 35595K [0x00000000a5c00000, 0x00000000a9980000, 0x00000000e1f00000)
  object space 62976K, 56% used [0x00000000a5c00000,0x00000000a7ec2eb0,0x00000000a9980000)
 Metaspace       used 19962K, capacity 20193K, committed 20480K, reserved 1067008K
  class space    used 1858K, capacity 1924K, committed 2048K, reserved 1048576K
}

